#! /usr/local/Cellar/icarus-verilog/10.2_1/bin/vvp
:ivl_version "10.2 (stable)" "(v10_2)";
:ivl_delay_selection "TYPICAL";
:vpi_time_precision + 0;
:vpi_module "system";
:vpi_module "vhdl_sys";
:vpi_module "v2005_math";
:vpi_module "va_math";
S_0x7fbdc0f001a0 .scope module, "m_7segcon" "m_7segcon" 2 262;
 .timescale 0 0;
    .port_info 0 /INPUT 1 "w_clk"
    .port_info 1 /INPUT 32 "w_din"
    .port_info 2 /OUTPUT 7 "r_sg"
    .port_info 3 /OUTPUT 8 "r_an"
v0x7fbdc0f108b0_0 .var "r_an", 7 0;
v0x7fbdc0f10960_0 .var "r_cnt", 31 0;
v0x7fbdc0f10a10_0 .var "r_digit", 2 0;
v0x7fbdc0f10ad0_0 .var "r_in", 3 0;
v0x7fbdc0f10b90_0 .var "r_sg", 6 0;
v0x7fbdc0f10c70_0 .var "r_val", 31 0;
o0x10fc361b8 .functor BUFZ 1, C4<z>; HiZ drive
v0x7fbdc0f10d20_0 .net "w_clk", 0 0, o0x10fc361b8;  0 drivers
o0x10fc361e8 .functor BUFZ 32, C4<zzzzzzzzzzzzzzzzzzzzzzzzzzzzzzzz>; HiZ drive
v0x7fbdc0f10dc0_0 .net "w_din", 31 0, o0x10fc361e8;  0 drivers
v0x7fbdc0f10e70_0 .net "w_segments", 6 0, v0x7fbdc0f00730_0;  1 drivers
E_0x7fbdc0f004c0 .event posedge, v0x7fbdc0f10d20_0;
S_0x7fbdc0f004f0 .scope module, "m_7segled" "m_7segled" 2 289, 2 234 0, S_0x7fbdc0f001a0;
 .timescale 0 0;
    .port_info 0 /INPUT 4 "w_in"
    .port_info 1 /OUTPUT 7 "r_led"
v0x7fbdc0f00730_0 .var "r_led", 6 0;
v0x7fbdc0f107f0_0 .net "w_in", 3 0, v0x7fbdc0f10ad0_0;  1 drivers
E_0x7fbdc0f006e0 .event edge, v0x7fbdc0f107f0_0;
S_0x7fbdc0f00360 .scope module, "m_top" "m_top" 2 17;
 .timescale 0 0;
v0x7fbdc0f169d0_0 .var "r_clk", 0 0;
v0x7fbdc0f16af0_0 .var "r_cnt", 31 0;
v0x7fbdc0f16b80_0 .var "r_rst", 0 0;
v0x7fbdc0f16c10_0 .net "w_halt", 0 0, v0x7fbdc0f15490_0;  1 drivers
v0x7fbdc0f16cc0_0 .net "w_rout", 31 0, v0x7fbdc0f156d0_0;  1 drivers
S_0x7fbdc0f10fa0 .scope module, "p" "m_proc08" 2 23, 2 73 0, S_0x7fbdc0f00360;
 .timescale 0 0;
    .port_info 0 /INPUT 1 "w_clk"
    .port_info 1 /INPUT 1 "w_rst"
    .port_info 2 /OUTPUT 32 "r_rout"
    .port_info 3 /OUTPUT 1 "r_halt"
L_0x7fbdc0f17360 .functor AND 1, L_0x7fbdc0f17170, L_0x7fbdc0f172c0, C4<1>, C4<1>;
L_0x7fbdc0f176b0 .functor AND 1, L_0x7fbdc0f17470, L_0x7fbdc0f17590, C4<1>, C4<1>;
L_0x7fbdc0f177a0 .functor OR 1, L_0x7fbdc0f17360, L_0x7fbdc0f176b0, C4<0>, C4<0>;
L_0x7fbdc0f17ac0 .functor AND 1, L_0x7fbdc0f17890, L_0x7fbdc0f17a20, C4<1>, C4<1>;
L_0x7fbdc0f17db0 .functor AND 1, L_0x7fbdc0f17bd0, L_0x7fbdc0f17d10, C4<1>, C4<1>;
L_0x7fbdc0f17ef0 .functor OR 1, L_0x7fbdc0f17ac0, L_0x7fbdc0f17db0, C4<0>, C4<0>;
L_0x7fbdc0f18fd0 .functor AND 1, L_0x7fbdc0f18a50, L_0x7fbdc0f18e60, C4<1>, C4<1>;
L_0x7fbdc0f19040 .functor OR 1, L_0x7fbdc0f18b40, L_0x7fbdc0f18fd0, C4<0>, C4<0>;
L_0x7fbdc0f1a930 .functor AND 1, L_0x7fbdc0f1a190, L_0x7fbdc0f1aa40, C4<1>, C4<1>;
v0x7fbdc0f13570_0 .net *"_s10", 0 0, L_0x7fbdc0f17170;  1 drivers
L_0x10fc67638 .functor BUFT 1, C4<000101>, C4<0>, C4<0>, C4<0>;
v0x7fbdc0f13600_0 .net/2u *"_s100", 5 0, L_0x10fc67638;  1 drivers
v0x7fbdc0f136a0_0 .net *"_s102", 0 0, L_0x7fbdc0f1a4d0;  1 drivers
L_0x10fc67680 .functor BUFT 1, C4<100111>, C4<0>, C4<0>, C4<0>;
v0x7fbdc0f13730_0 .net/2u *"_s106", 5 0, L_0x10fc67680;  1 drivers
L_0x10fc676c8 .functor BUFT 1, C4<011001>, C4<0>, C4<0>, C4<0>;
v0x7fbdc0f137d0_0 .net/2u *"_s114", 5 0, L_0x10fc676c8;  1 drivers
v0x7fbdc0f138c0_0 .net *"_s116", 0 0, L_0x7fbdc0f1a190;  1 drivers
L_0x10fc67710 .functor BUFT 1, C4<101000>, C4<0>, C4<0>, C4<0>;
v0x7fbdc0f13960_0 .net/2u *"_s118", 5 0, L_0x10fc67710;  1 drivers
v0x7fbdc0f13a10_0 .net *"_s12", 0 0, L_0x7fbdc0f172c0;  1 drivers
v0x7fbdc0f13ab0_0 .net *"_s120", 0 0, L_0x7fbdc0f1aa40;  1 drivers
v0x7fbdc0f13bc0_0 .net *"_s122", 0 0, L_0x7fbdc0f1a930;  1 drivers
v0x7fbdc0f13c50_0 .net *"_s14", 0 0, L_0x7fbdc0f17360;  1 drivers
L_0x10fc67050 .functor BUFT 1, C4<000101>, C4<0>, C4<0>, C4<0>;
v0x7fbdc0f13cf0_0 .net/2u *"_s16", 5 0, L_0x10fc67050;  1 drivers
v0x7fbdc0f13da0_0 .net *"_s18", 0 0, L_0x7fbdc0f17470;  1 drivers
v0x7fbdc0f13e40_0 .net *"_s20", 0 0, L_0x7fbdc0f17590;  1 drivers
v0x7fbdc0f13ee0_0 .net *"_s22", 0 0, L_0x7fbdc0f176b0;  1 drivers
L_0x10fc67098 .functor BUFT 1, C4<000100>, C4<0>, C4<0>, C4<0>;
v0x7fbdc0f13f80_0 .net/2u *"_s26", 5 0, L_0x10fc67098;  1 drivers
v0x7fbdc0f14030_0 .net *"_s28", 0 0, L_0x7fbdc0f17890;  1 drivers
v0x7fbdc0f141c0_0 .net *"_s30", 0 0, L_0x7fbdc0f17a20;  1 drivers
v0x7fbdc0f14250_0 .net *"_s32", 0 0, L_0x7fbdc0f17ac0;  1 drivers
L_0x10fc670e0 .functor BUFT 1, C4<000101>, C4<0>, C4<0>, C4<0>;
v0x7fbdc0f142e0_0 .net/2u *"_s34", 5 0, L_0x10fc670e0;  1 drivers
v0x7fbdc0f14380_0 .net *"_s36", 0 0, L_0x7fbdc0f17bd0;  1 drivers
v0x7fbdc0f14420_0 .net *"_s38", 0 0, L_0x7fbdc0f17d10;  1 drivers
v0x7fbdc0f144c0_0 .net *"_s40", 0 0, L_0x7fbdc0f17db0;  1 drivers
L_0x10fc67128 .functor BUFT 1, C4<00000000000000000000000000000100>, C4<0>, C4<0>, C4<0>;
v0x7fbdc0f14560_0 .net/2u *"_s44", 31 0, L_0x10fc67128;  1 drivers
v0x7fbdc0f14610_0 .net *"_s49", 29 0, L_0x7fbdc0f181c0;  1 drivers
L_0x10fc67170 .functor BUFT 1, C4<00>, C4<0>, C4<0>, C4<0>;
v0x7fbdc0f146c0_0 .net/2u *"_s50", 1 0, L_0x10fc67170;  1 drivers
v0x7fbdc0f14770_0 .net *"_s52", 31 0, L_0x7fbdc0f18260;  1 drivers
v0x7fbdc0f14820_0 .net *"_s62", 31 0, L_0x7fbdc0f18630;  1 drivers
L_0x10fc67248 .functor BUFT 1, C4<00000000000000000000000000>, C4<0>, C4<0>, C4<0>;
v0x7fbdc0f148d0_0 .net *"_s65", 25 0, L_0x10fc67248;  1 drivers
L_0x10fc67290 .functor BUFT 1, C4<00000000000000000000000000000000>, C4<0>, C4<0>, C4<0>;
v0x7fbdc0f14980_0 .net/2u *"_s66", 31 0, L_0x10fc67290;  1 drivers
v0x7fbdc0f14a30_0 .net *"_s68", 0 0, L_0x7fbdc0f18750;  1 drivers
v0x7fbdc0f14ad0_0 .net *"_s74", 31 0, L_0x7fbdc0f18830;  1 drivers
L_0x10fc672d8 .functor BUFT 1, C4<00000000000000000000000000>, C4<0>, C4<0>, C4<0>;
v0x7fbdc0f14b80_0 .net *"_s77", 25 0, L_0x10fc672d8;  1 drivers
L_0x10fc67320 .functor BUFT 1, C4<00000000000000000000000000000000>, C4<0>, C4<0>, C4<0>;
v0x7fbdc0f140e0_0 .net/2u *"_s78", 31 0, L_0x10fc67320;  1 drivers
L_0x10fc67008 .functor BUFT 1, C4<000100>, C4<0>, C4<0>, C4<0>;
v0x7fbdc0f14e10_0 .net/2u *"_s8", 5 0, L_0x10fc67008;  1 drivers
v0x7fbdc0f14ea0_0 .net *"_s80", 0 0, L_0x7fbdc0f18b40;  1 drivers
L_0x10fc67368 .functor BUFT 1, C4<000101>, C4<0>, C4<0>, C4<0>;
v0x7fbdc0f14f30_0 .net/2u *"_s82", 5 0, L_0x10fc67368;  1 drivers
v0x7fbdc0f14fe0_0 .net *"_s84", 0 0, L_0x7fbdc0f18a50;  1 drivers
L_0x10fc673b0 .functor BUFT 1, C4<101000>, C4<0>, C4<0>, C4<0>;
v0x7fbdc0f15080_0 .net/2u *"_s86", 5 0, L_0x10fc673b0;  1 drivers
v0x7fbdc0f15130_0 .net *"_s88", 0 0, L_0x7fbdc0f18e60;  1 drivers
v0x7fbdc0f151d0_0 .net *"_s90", 0 0, L_0x7fbdc0f18fd0;  1 drivers
v0x7fbdc0f15270_0 .net *"_s95", 0 0, L_0x7fbdc0f19ec0;  1 drivers
v0x7fbdc0f15320_0 .net *"_s96", 15 0, L_0x7fbdc0f19fa0;  1 drivers
v0x7fbdc0f153d0_0 .var "r_dmin", 31 0;
v0x7fbdc0f15490_0 .var "r_halt", 0 0;
v0x7fbdc0f15520_0 .var "r_mrslt", 31 0;
v0x7fbdc0f155b0_0 .var "r_npc", 31 0;
v0x7fbdc0f15640_0 .var "r_pc", 31 0;
v0x7fbdc0f156d0_0 .var "r_rout", 31 0;
v0x7fbdc0f15760_0 .var "r_rrs", 31 0;
v0x7fbdc0f15810_0 .var "r_rrt", 31 0;
v0x7fbdc0f158c0_0 .var "r_rrt2", 31 0;
v0x7fbdc0f15970_0 .var "r_rslt", 31 0;
v0x7fbdc0f15a20_0 .var "r_tmp", 31 0;
v0x7fbdc0f15ad0_0 .var "r_w", 0 0;
v0x7fbdc0f15b80_0 .var "r_we", 0 0;
v0x7fbdc0f15c30_0 .var "state", 2 0;
v0x7fbdc0f15cc0_0 .net "w_clk", 0 0, v0x7fbdc0f169d0_0;  1 drivers
v0x7fbdc0f15d50_0 .net "w_imm", 15 0, L_0x7fbdc0f189b0;  1 drivers
v0x7fbdc0f15e00_0 .net "w_imm32", 31 0, L_0x7fbdc0f1a0d0;  1 drivers
v0x7fbdc0f15eb0_0 .net "w_ir", 31 0, v0x7fbdc0f11c10_0;  1 drivers
v0x7fbdc0f15f70_0 .net "w_ldd", 31 0, v0x7fbdc0f11530_0;  1 drivers
v0x7fbdc0f16020_0 .net "w_npc", 31 0, L_0x7fbdc0f18050;  1 drivers
v0x7fbdc0f160c0_0 .net "w_op", 5 0, L_0x7fbdc0f16d90;  1 drivers
v0x7fbdc0f16170_0 .net "w_rd", 4 0, L_0x7fbdc0f170d0;  1 drivers
v0x7fbdc0f14c30_0 .net "w_rd2", 4 0, L_0x7fbdc0f188d0;  1 drivers
v0x7fbdc0f14cf0_0 .net "w_rrs", 31 0, L_0x7fbdc0f19630;  1 drivers
v0x7fbdc0f16200_0 .net "w_rrt", 31 0, L_0x7fbdc0f19ca0;  1 drivers
v0x7fbdc0f16290_0 .net "w_rrt2", 31 0, L_0x7fbdc0f1a570;  1 drivers
v0x7fbdc0f16320_0 .net "w_rs", 4 0, L_0x7fbdc0f16e90;  1 drivers
v0x7fbdc0f163b0_0 .net "w_rslt", 31 0, L_0x7fbdc0f1a6f0;  1 drivers
v0x7fbdc0f16440_0 .net "w_rslt2", 31 0, L_0x7fbdc0f1ac00;  1 drivers
v0x7fbdc0f16500_0 .net "w_rst", 0 0, v0x7fbdc0f16b80_0;  1 drivers
v0x7fbdc0f16590_0 .net "w_rt", 4 0, L_0x7fbdc0f16f70;  1 drivers
v0x7fbdc0f16650_0 .net "w_taken", 0 0, L_0x7fbdc0f177a0;  1 drivers
v0x7fbdc0f166e0_0 .net "w_taken2", 0 0, L_0x7fbdc0f17ef0;  1 drivers
v0x7fbdc0f16780_0 .net "w_tpc", 31 0, L_0x7fbdc0f18400;  1 drivers
v0x7fbdc0f16830_0 .net "w_w", 0 0, L_0x7fbdc0f19040;  1 drivers
v0x7fbdc0f168d0_0 .net "w_we", 0 0, L_0x7fbdc0f1a610;  1 drivers
L_0x7fbdc0f16d90 .part v0x7fbdc0f11c10_0, 26, 6;
L_0x7fbdc0f16e90 .part v0x7fbdc0f11c10_0, 21, 5;
L_0x7fbdc0f16f70 .part v0x7fbdc0f11c10_0, 16, 5;
L_0x7fbdc0f170d0 .part v0x7fbdc0f11c10_0, 11, 5;
L_0x7fbdc0f17170 .cmp/eq 6, L_0x7fbdc0f16d90, L_0x10fc67008;
L_0x7fbdc0f172c0 .cmp/eq 32, v0x7fbdc0f15760_0, v0x7fbdc0f158c0_0;
L_0x7fbdc0f17470 .cmp/eq 6, L_0x7fbdc0f16d90, L_0x10fc67050;
L_0x7fbdc0f17590 .cmp/ne 32, v0x7fbdc0f15760_0, v0x7fbdc0f158c0_0;
L_0x7fbdc0f17890 .cmp/eq 6, L_0x7fbdc0f16d90, L_0x10fc67098;
L_0x7fbdc0f17a20 .cmp/ne 32, L_0x7fbdc0f19630, L_0x7fbdc0f1a570;
L_0x7fbdc0f17bd0 .cmp/eq 6, L_0x7fbdc0f16d90, L_0x10fc670e0;
L_0x7fbdc0f17d10 .cmp/eq 32, L_0x7fbdc0f19630, L_0x7fbdc0f1a570;
L_0x7fbdc0f18050 .arith/sum 32, v0x7fbdc0f15640_0, L_0x10fc67128;
L_0x7fbdc0f181c0 .part L_0x7fbdc0f1a0d0, 0, 30;
L_0x7fbdc0f18260 .concat [ 2 30 0 0], L_0x10fc67170, L_0x7fbdc0f181c0;
L_0x7fbdc0f18400 .arith/sum 32, v0x7fbdc0f155b0_0, L_0x7fbdc0f18260;
L_0x7fbdc0f18500 .part v0x7fbdc0f15640_0, 2, 12;
L_0x7fbdc0f18630 .concat [ 6 26 0 0], L_0x7fbdc0f16d90, L_0x10fc67248;
L_0x7fbdc0f18750 .cmp/ne 32, L_0x7fbdc0f18630, L_0x10fc67290;
L_0x7fbdc0f188d0 .functor MUXZ 5, L_0x7fbdc0f170d0, L_0x7fbdc0f16f70, L_0x7fbdc0f18750, C4<>;
L_0x7fbdc0f189b0 .part v0x7fbdc0f11c10_0, 0, 16;
L_0x7fbdc0f18830 .concat [ 6 26 0 0], L_0x7fbdc0f16d90, L_0x10fc672d8;
L_0x7fbdc0f18b40 .cmp/eq 32, L_0x7fbdc0f18830, L_0x10fc67320;
L_0x7fbdc0f18a50 .cmp/gt 6, L_0x7fbdc0f16d90, L_0x10fc67368;
L_0x7fbdc0f18e60 .cmp/gt 6, L_0x10fc673b0, L_0x7fbdc0f16d90;
L_0x7fbdc0f19ec0 .part L_0x7fbdc0f189b0, 15, 1;
LS_0x7fbdc0f19fa0_0_0 .concat [ 1 1 1 1], L_0x7fbdc0f19ec0, L_0x7fbdc0f19ec0, L_0x7fbdc0f19ec0, L_0x7fbdc0f19ec0;
LS_0x7fbdc0f19fa0_0_4 .concat [ 1 1 1 1], L_0x7fbdc0f19ec0, L_0x7fbdc0f19ec0, L_0x7fbdc0f19ec0, L_0x7fbdc0f19ec0;
LS_0x7fbdc0f19fa0_0_8 .concat [ 1 1 1 1], L_0x7fbdc0f19ec0, L_0x7fbdc0f19ec0, L_0x7fbdc0f19ec0, L_0x7fbdc0f19ec0;
LS_0x7fbdc0f19fa0_0_12 .concat [ 1 1 1 1], L_0x7fbdc0f19ec0, L_0x7fbdc0f19ec0, L_0x7fbdc0f19ec0, L_0x7fbdc0f19ec0;
L_0x7fbdc0f19fa0 .concat [ 4 4 4 4], LS_0x7fbdc0f19fa0_0_0, LS_0x7fbdc0f19fa0_0_4, LS_0x7fbdc0f19fa0_0_8, LS_0x7fbdc0f19fa0_0_12;
L_0x7fbdc0f1a0d0 .concat [ 16 16 0 0], L_0x7fbdc0f189b0, L_0x7fbdc0f19fa0;
L_0x7fbdc0f1a4d0 .cmp/gt 6, L_0x7fbdc0f16d90, L_0x10fc67638;
L_0x7fbdc0f1a570 .functor MUXZ 32, L_0x7fbdc0f19ca0, L_0x7fbdc0f1a0d0, L_0x7fbdc0f1a4d0, C4<>;
L_0x7fbdc0f1a610 .cmp/gt 6, L_0x7fbdc0f16d90, L_0x10fc67680;
L_0x7fbdc0f1a6f0 .delay 32 (10,10,10) L_0x7fbdc0f1a6f0/d;
L_0x7fbdc0f1a6f0/d .arith/sum 32, v0x7fbdc0f15760_0, v0x7fbdc0f158c0_0;
L_0x7fbdc0f1a7d0 .part v0x7fbdc0f15970_0, 2, 12;
L_0x7fbdc0f1a190 .cmp/gt 6, L_0x7fbdc0f16d90, L_0x10fc676c8;
L_0x7fbdc0f1aa40 .cmp/gt 6, L_0x10fc67710, L_0x7fbdc0f16d90;
L_0x7fbdc0f1ac00 .functor MUXZ 32, v0x7fbdc0f15520_0, v0x7fbdc0f11530_0, L_0x7fbdc0f1a930, C4<>;
S_0x7fbdc0f111c0 .scope module, "m_dmem" "m_memory" 2 148, 2 169 0, S_0x7fbdc0f10fa0;
 .timescale 0 0;
    .port_info 0 /INPUT 1 "w_clk"
    .port_info 1 /INPUT 12 "w_addr"
    .port_info 2 /INPUT 1 "w_we"
    .port_info 3 /INPUT 32 "w_din"
    .port_info 4 /OUTPUT 32 "r_dout"
v0x7fbdc0f11480 .array "cm_ram", 4095 0, 31 0;
v0x7fbdc0f11530_0 .var "r_dout", 31 0;
v0x7fbdc0f115e0_0 .net "w_addr", 11 0, L_0x7fbdc0f1a7d0;  1 drivers
v0x7fbdc0f116a0_0 .net "w_clk", 0 0, v0x7fbdc0f169d0_0;  alias, 1 drivers
v0x7fbdc0f11740_0 .net "w_din", 31 0, v0x7fbdc0f153d0_0;  1 drivers
v0x7fbdc0f11830_0 .net "w_we", 0 0, v0x7fbdc0f15b80_0;  1 drivers
E_0x7fbdc0f11430 .event posedge, v0x7fbdc0f116a0_0;
S_0x7fbdc0f11950 .scope module, "m_imem" "m_memory" 2 116, 2 169 0, S_0x7fbdc0f10fa0;
 .timescale 0 0;
    .port_info 0 /INPUT 1 "w_clk"
    .port_info 1 /INPUT 12 "w_addr"
    .port_info 2 /INPUT 1 "w_we"
    .port_info 3 /INPUT 32 "w_din"
    .port_info 4 /OUTPUT 32 "r_dout"
v0x7fbdc0f11b80 .array "cm_ram", 4095 0, 31 0;
v0x7fbdc0f11c10_0 .var "r_dout", 31 0;
v0x7fbdc0f11cc0_0 .net "w_addr", 11 0, L_0x7fbdc0f18500;  1 drivers
v0x7fbdc0f11d80_0 .net "w_clk", 0 0, v0x7fbdc0f169d0_0;  alias, 1 drivers
L_0x10fc67200 .functor BUFT 1, C4<00000000000000000000000000000000>, C4<0>, C4<0>, C4<0>;
v0x7fbdc0f11e30_0 .net "w_din", 31 0, L_0x10fc67200;  1 drivers
L_0x10fc671b8 .functor BUFT 1, C4<0>, C4<0>, C4<0>, C4<0>;
v0x7fbdc0f11f10_0 .net "w_we", 0 0, L_0x10fc671b8;  1 drivers
S_0x7fbdc0f12030 .scope module, "m_regs" "m_regfile" 2 124, 2 215 0, S_0x7fbdc0f10fa0;
 .timescale 0 0;
    .port_info 0 /INPUT 1 "w_clk"
    .port_info 1 /INPUT 5 "w_rr1"
    .port_info 2 /INPUT 5 "w_rr2"
    .port_info 3 /INPUT 5 "w_wr"
    .port_info 4 /INPUT 1 "w_we"
    .port_info 5 /INPUT 32 "w_wdata"
    .port_info 6 /OUTPUT 32 "w_rdata1"
    .port_info 7 /OUTPUT 32 "w_rdata2"
v0x7fbdc0f122e0_0 .net *"_s0", 31 0, L_0x7fbdc0f19130;  1 drivers
v0x7fbdc0f12370_0 .net *"_s10", 31 0, L_0x7fbdc0f19430;  1 drivers
v0x7fbdc0f12410_0 .net *"_s12", 6 0, L_0x7fbdc0f194d0;  1 drivers
L_0x10fc674d0 .functor BUFT 1, C4<00>, C4<0>, C4<0>, C4<0>;
v0x7fbdc0f124d0_0 .net *"_s15", 1 0, L_0x10fc674d0;  1 drivers
v0x7fbdc0f12580_0 .net *"_s18", 31 0, L_0x7fbdc0f19890;  1 drivers
L_0x10fc67518 .functor BUFT 1, C4<000000000000000000000000000>, C4<0>, C4<0>, C4<0>;
v0x7fbdc0f12670_0 .net *"_s21", 26 0, L_0x10fc67518;  1 drivers
L_0x10fc67560 .functor BUFT 1, C4<00000000000000000000000000000000>, C4<0>, C4<0>, C4<0>;
v0x7fbdc0f12720_0 .net/2u *"_s22", 31 0, L_0x10fc67560;  1 drivers
v0x7fbdc0f127d0_0 .net *"_s24", 0 0, L_0x7fbdc0f199b0;  1 drivers
L_0x10fc675a8 .functor BUFT 1, C4<00000000000000000000000000000000>, C4<0>, C4<0>, C4<0>;
v0x7fbdc0f12870_0 .net/2u *"_s26", 31 0, L_0x10fc675a8;  1 drivers
v0x7fbdc0f12980_0 .net *"_s28", 31 0, L_0x7fbdc0f19ad0;  1 drivers
L_0x10fc673f8 .functor BUFT 1, C4<000000000000000000000000000>, C4<0>, C4<0>, C4<0>;
v0x7fbdc0f12a30_0 .net *"_s3", 26 0, L_0x10fc673f8;  1 drivers
v0x7fbdc0f12ae0_0 .net *"_s30", 6 0, L_0x7fbdc0f19b70;  1 drivers
L_0x10fc675f0 .functor BUFT 1, C4<00>, C4<0>, C4<0>, C4<0>;
v0x7fbdc0f12b90_0 .net *"_s33", 1 0, L_0x10fc675f0;  1 drivers
L_0x10fc67440 .functor BUFT 1, C4<00000000000000000000000000000000>, C4<0>, C4<0>, C4<0>;
v0x7fbdc0f12c40_0 .net/2u *"_s4", 31 0, L_0x10fc67440;  1 drivers
v0x7fbdc0f12cf0_0 .net *"_s6", 0 0, L_0x7fbdc0f19210;  1 drivers
L_0x10fc67488 .functor BUFT 1, C4<00000000000000000000000000000000>, C4<0>, C4<0>, C4<0>;
v0x7fbdc0f12d90_0 .net/2u *"_s8", 31 0, L_0x10fc67488;  1 drivers
v0x7fbdc0f12e40 .array "r", 31 0, 31 0;
v0x7fbdc0f12fd0_0 .net "w_clk", 0 0, v0x7fbdc0f169d0_0;  alias, 1 drivers
v0x7fbdc0f130a0_0 .net "w_rdata1", 31 0, L_0x7fbdc0f19630;  alias, 1 drivers
v0x7fbdc0f13130_0 .net "w_rdata2", 31 0, L_0x7fbdc0f19ca0;  alias, 1 drivers
v0x7fbdc0f131c0_0 .net "w_rr1", 4 0, L_0x7fbdc0f16e90;  alias, 1 drivers
v0x7fbdc0f13250_0 .net "w_rr2", 4 0, L_0x7fbdc0f16f70;  alias, 1 drivers
v0x7fbdc0f132e0_0 .net "w_wdata", 31 0, L_0x7fbdc0f1ac00;  alias, 1 drivers
v0x7fbdc0f13370_0 .net "w_we", 0 0, v0x7fbdc0f15ad0_0;  1 drivers
v0x7fbdc0f13400_0 .net "w_wr", 4 0, L_0x7fbdc0f188d0;  alias, 1 drivers
L_0x7fbdc0f19130 .concat [ 5 27 0 0], L_0x7fbdc0f16e90, L_0x10fc673f8;
L_0x7fbdc0f19210 .cmp/eq 32, L_0x7fbdc0f19130, L_0x10fc67440;
L_0x7fbdc0f19430 .array/port v0x7fbdc0f12e40, L_0x7fbdc0f194d0;
L_0x7fbdc0f194d0 .concat [ 5 2 0 0], L_0x7fbdc0f16e90, L_0x10fc674d0;
L_0x7fbdc0f19630 .delay 32 (15,15,15) L_0x7fbdc0f19630/d;
L_0x7fbdc0f19630/d .functor MUXZ 32, L_0x7fbdc0f19430, L_0x10fc67488, L_0x7fbdc0f19210, C4<>;
L_0x7fbdc0f19890 .concat [ 5 27 0 0], L_0x7fbdc0f16f70, L_0x10fc67518;
L_0x7fbdc0f199b0 .cmp/eq 32, L_0x7fbdc0f19890, L_0x10fc67560;
L_0x7fbdc0f19ad0 .array/port v0x7fbdc0f12e40, L_0x7fbdc0f19b70;
L_0x7fbdc0f19b70 .concat [ 5 2 0 0], L_0x7fbdc0f16f70, L_0x10fc675f0;
L_0x7fbdc0f19ca0 .delay 32 (15,15,15) L_0x7fbdc0f19ca0/d;
L_0x7fbdc0f19ca0/d .functor MUXZ 32, L_0x7fbdc0f19ad0, L_0x10fc675a8, L_0x7fbdc0f199b0, C4<>;
    .scope S_0x7fbdc0f004f0;
T_0 ;
    %wait E_0x7fbdc0f006e0;
    %load/vec4 v0x7fbdc0f107f0_0;
    %dup/vec4;
    %pushi/vec4 0, 0, 4;
    %cmp/u;
    %jmp/1 T_0.0, 6;
    %dup/vec4;
    %pushi/vec4 1, 0, 4;
    %cmp/u;
    %jmp/1 T_0.1, 6;
    %dup/vec4;
    %pushi/vec4 2, 0, 4;
    %cmp/u;
    %jmp/1 T_0.2, 6;
    %dup/vec4;
    %pushi/vec4 3, 0, 4;
    %cmp/u;
    %jmp/1 T_0.3, 6;
    %dup/vec4;
    %pushi/vec4 4, 0, 4;
    %cmp/u;
    %jmp/1 T_0.4, 6;
    %dup/vec4;
    %pushi/vec4 5, 0, 4;
    %cmp/u;
    %jmp/1 T_0.5, 6;
    %dup/vec4;
    %pushi/vec4 6, 0, 4;
    %cmp/u;
    %jmp/1 T_0.6, 6;
    %dup/vec4;
    %pushi/vec4 7, 0, 4;
    %cmp/u;
    %jmp/1 T_0.7, 6;
    %dup/vec4;
    %pushi/vec4 8, 0, 4;
    %cmp/u;
    %jmp/1 T_0.8, 6;
    %dup/vec4;
    %pushi/vec4 9, 0, 4;
    %cmp/u;
    %jmp/1 T_0.9, 6;
    %dup/vec4;
    %pushi/vec4 10, 0, 4;
    %cmp/u;
    %jmp/1 T_0.10, 6;
    %dup/vec4;
    %pushi/vec4 11, 0, 4;
    %cmp/u;
    %jmp/1 T_0.11, 6;
    %dup/vec4;
    %pushi/vec4 12, 0, 4;
    %cmp/u;
    %jmp/1 T_0.12, 6;
    %dup/vec4;
    %pushi/vec4 13, 0, 4;
    %cmp/u;
    %jmp/1 T_0.13, 6;
    %dup/vec4;
    %pushi/vec4 14, 0, 4;
    %cmp/u;
    %jmp/1 T_0.14, 6;
    %dup/vec4;
    %pushi/vec4 15, 0, 4;
    %cmp/u;
    %jmp/1 T_0.15, 6;
    %pushi/vec4 0, 0, 7;
    %assign/vec4 v0x7fbdc0f00730_0, 0;
    %jmp T_0.17;
T_0.0 ;
    %pushi/vec4 126, 0, 7;
    %assign/vec4 v0x7fbdc0f00730_0, 0;
    %jmp T_0.17;
T_0.1 ;
    %pushi/vec4 48, 0, 7;
    %assign/vec4 v0x7fbdc0f00730_0, 0;
    %jmp T_0.17;
T_0.2 ;
    %pushi/vec4 109, 0, 7;
    %assign/vec4 v0x7fbdc0f00730_0, 0;
    %jmp T_0.17;
T_0.3 ;
    %pushi/vec4 121, 0, 7;
    %assign/vec4 v0x7fbdc0f00730_0, 0;
    %jmp T_0.17;
T_0.4 ;
    %pushi/vec4 51, 0, 7;
    %assign/vec4 v0x7fbdc0f00730_0, 0;
    %jmp T_0.17;
T_0.5 ;
    %pushi/vec4 91, 0, 7;
    %assign/vec4 v0x7fbdc0f00730_0, 0;
    %jmp T_0.17;
T_0.6 ;
    %pushi/vec4 95, 0, 7;
    %assign/vec4 v0x7fbdc0f00730_0, 0;
    %jmp T_0.17;
T_0.7 ;
    %pushi/vec4 112, 0, 7;
    %assign/vec4 v0x7fbdc0f00730_0, 0;
    %jmp T_0.17;
T_0.8 ;
    %pushi/vec4 127, 0, 7;
    %assign/vec4 v0x7fbdc0f00730_0, 0;
    %jmp T_0.17;
T_0.9 ;
    %pushi/vec4 123, 0, 7;
    %assign/vec4 v0x7fbdc0f00730_0, 0;
    %jmp T_0.17;
T_0.10 ;
    %pushi/vec4 119, 0, 7;
    %assign/vec4 v0x7fbdc0f00730_0, 0;
    %jmp T_0.17;
T_0.11 ;
    %pushi/vec4 31, 0, 7;
    %assign/vec4 v0x7fbdc0f00730_0, 0;
    %jmp T_0.17;
T_0.12 ;
    %pushi/vec4 78, 0, 7;
    %assign/vec4 v0x7fbdc0f00730_0, 0;
    %jmp T_0.17;
T_0.13 ;
    %pushi/vec4 61, 0, 7;
    %assign/vec4 v0x7fbdc0f00730_0, 0;
    %jmp T_0.17;
T_0.14 ;
    %pushi/vec4 79, 0, 7;
    %assign/vec4 v0x7fbdc0f00730_0, 0;
    %jmp T_0.17;
T_0.15 ;
    %pushi/vec4 71, 0, 7;
    %assign/vec4 v0x7fbdc0f00730_0, 0;
    %jmp T_0.17;
T_0.17 ;
    %pop/vec4 1;
    %jmp T_0;
    .thread T_0, $push;
    .scope S_0x7fbdc0f001a0;
T_1 ;
    %pushi/vec4 0, 0, 32;
    %store/vec4 v0x7fbdc0f10c70_0, 0, 32;
    %pushi/vec4 0, 0, 32;
    %store/vec4 v0x7fbdc0f10960_0, 0, 32;
    %pushi/vec4 0, 0, 4;
    %store/vec4 v0x7fbdc0f10ad0_0, 0, 4;
    %pushi/vec4 0, 0, 3;
    %store/vec4 v0x7fbdc0f10a10_0, 0, 3;
    %end;
    .thread T_1;
    .scope S_0x7fbdc0f001a0;
T_2 ;
    %wait E_0x7fbdc0f004c0;
    %load/vec4 v0x7fbdc0f10dc0_0;
    %assign/vec4 v0x7fbdc0f10c70_0, 0;
    %jmp T_2;
    .thread T_2;
    .scope S_0x7fbdc0f001a0;
T_3 ;
    %wait E_0x7fbdc0f004c0;
    %pushi/vec4 199999, 0, 32;
    %load/vec4 v0x7fbdc0f10960_0;
    %cmp/u;
    %flag_or 5, 4;
    %flag_mov 8, 5;
    %jmp/0 T_3.0, 8;
    %pushi/vec4 0, 0, 32;
    %jmp/1 T_3.1, 8;
T_3.0 ; End of true expr.
    %load/vec4 v0x7fbdc0f10960_0;
    %addi 1, 0, 32;
    %jmp/0 T_3.1, 8;
 ; End of false expr.
    %blend;
T_3.1;
    %assign/vec4 v0x7fbdc0f10960_0, 0;
    %load/vec4 v0x7fbdc0f10960_0;
    %cmpi/e 0, 0, 32;
    %jmp/0xz  T_3.2, 4;
    %load/vec4 v0x7fbdc0f10a10_0;
    %addi 1, 0, 3;
    %assign/vec4 v0x7fbdc0f10a10_0, 0;
    %load/vec4 v0x7fbdc0f10a10_0;
    %pad/u 32;
    %cmpi/e 0, 0, 32;
    %jmp/0xz  T_3.4, 4;
    %pushi/vec4 254, 0, 8;
    %assign/vec4 v0x7fbdc0f108b0_0, 0;
    %load/vec4 v0x7fbdc0f10c70_0;
    %parti/s 4, 0, 2;
    %assign/vec4 v0x7fbdc0f10ad0_0, 0;
    %jmp T_3.5;
T_3.4 ;
    %load/vec4 v0x7fbdc0f10a10_0;
    %pad/u 32;
    %cmpi/e 1, 0, 32;
    %jmp/0xz  T_3.6, 4;
    %pushi/vec4 253, 0, 8;
    %assign/vec4 v0x7fbdc0f108b0_0, 0;
    %load/vec4 v0x7fbdc0f10c70_0;
    %parti/s 4, 4, 4;
    %assign/vec4 v0x7fbdc0f10ad0_0, 0;
    %jmp T_3.7;
T_3.6 ;
    %load/vec4 v0x7fbdc0f10a10_0;
    %pad/u 32;
    %cmpi/e 2, 0, 32;
    %jmp/0xz  T_3.8, 4;
    %pushi/vec4 251, 0, 8;
    %assign/vec4 v0x7fbdc0f108b0_0, 0;
    %load/vec4 v0x7fbdc0f10c70_0;
    %parti/s 4, 8, 5;
    %assign/vec4 v0x7fbdc0f10ad0_0, 0;
    %jmp T_3.9;
T_3.8 ;
    %load/vec4 v0x7fbdc0f10a10_0;
    %pad/u 32;
    %cmpi/e 3, 0, 32;
    %jmp/0xz  T_3.10, 4;
    %pushi/vec4 247, 0, 8;
    %assign/vec4 v0x7fbdc0f108b0_0, 0;
    %load/vec4 v0x7fbdc0f10c70_0;
    %parti/s 4, 12, 5;
    %assign/vec4 v0x7fbdc0f10ad0_0, 0;
    %jmp T_3.11;
T_3.10 ;
    %load/vec4 v0x7fbdc0f10a10_0;
    %pad/u 32;
    %cmpi/e 4, 0, 32;
    %jmp/0xz  T_3.12, 4;
    %pushi/vec4 239, 0, 8;
    %assign/vec4 v0x7fbdc0f108b0_0, 0;
    %load/vec4 v0x7fbdc0f10c70_0;
    %parti/s 4, 16, 6;
    %assign/vec4 v0x7fbdc0f10ad0_0, 0;
    %jmp T_3.13;
T_3.12 ;
    %load/vec4 v0x7fbdc0f10a10_0;
    %pad/u 32;
    %cmpi/e 5, 0, 32;
    %jmp/0xz  T_3.14, 4;
    %pushi/vec4 223, 0, 8;
    %assign/vec4 v0x7fbdc0f108b0_0, 0;
    %load/vec4 v0x7fbdc0f10c70_0;
    %parti/s 4, 20, 6;
    %assign/vec4 v0x7fbdc0f10ad0_0, 0;
    %jmp T_3.15;
T_3.14 ;
    %load/vec4 v0x7fbdc0f10a10_0;
    %pad/u 32;
    %cmpi/e 6, 0, 32;
    %jmp/0xz  T_3.16, 4;
    %pushi/vec4 191, 0, 8;
    %assign/vec4 v0x7fbdc0f108b0_0, 0;
    %load/vec4 v0x7fbdc0f10c70_0;
    %parti/s 4, 24, 6;
    %assign/vec4 v0x7fbdc0f10ad0_0, 0;
    %jmp T_3.17;
T_3.16 ;
    %pushi/vec4 127, 0, 8;
    %assign/vec4 v0x7fbdc0f108b0_0, 0;
    %load/vec4 v0x7fbdc0f10c70_0;
    %parti/s 4, 28, 6;
    %assign/vec4 v0x7fbdc0f10ad0_0, 0;
T_3.17 ;
T_3.15 ;
T_3.13 ;
T_3.11 ;
T_3.9 ;
T_3.7 ;
T_3.5 ;
T_3.2 ;
    %jmp T_3;
    .thread T_3;
    .scope S_0x7fbdc0f001a0;
T_4 ;
    %wait E_0x7fbdc0f004c0;
    %load/vec4 v0x7fbdc0f10e70_0;
    %inv;
    %assign/vec4 v0x7fbdc0f10b90_0, 0;
    %jmp T_4;
    .thread T_4;
    .scope S_0x7fbdc0f11950;
T_5 ;
    %wait E_0x7fbdc0f11430;
    %load/vec4 v0x7fbdc0f11cc0_0;
    %pad/u 14;
    %ix/vec4 4;
    %load/vec4a v0x7fbdc0f11b80, 4;
    %assign/vec4 v0x7fbdc0f11c10_0, 0;
    %load/vec4 v0x7fbdc0f11f10_0;
    %flag_set/vec4 8;
    %jmp/0xz  T_5.0, 8;
    %load/vec4 v0x7fbdc0f11e30_0;
    %load/vec4 v0x7fbdc0f11cc0_0;
    %pad/u 14;
    %ix/vec4 3;
    %ix/load 4, 0, 0; Constant delay
    %assign/vec4/a/d v0x7fbdc0f11b80, 0, 4;
T_5.0 ;
    %jmp T_5;
    .thread T_5;
    .scope S_0x7fbdc0f11950;
T_6 ;
    %pushi/vec4 0, 0, 32;
    %store/vec4 v0x7fbdc0f11c10_0, 0, 32;
    %end;
    .thread T_6;
    .scope S_0x7fbdc0f11950;
T_7 ;
    %pushi/vec4 32, 0, 32;
    %ix/load 4, 0, 0;
    %flag_set/imm 4, 0;
    %store/vec4a v0x7fbdc0f11b80, 4, 0;
    %pushi/vec4 537399296, 0, 32;
    %ix/load 4, 1, 0;
    %flag_set/imm 4, 0;
    %store/vec4a v0x7fbdc0f11b80, 4, 0;
    %pushi/vec4 537460736, 0, 32;
    %ix/load 4, 2, 0;
    %flag_set/imm 4, 0;
    %store/vec4a v0x7fbdc0f11b80, 4, 0;
    %pushi/vec4 537526272, 0, 32;
    %ix/load 4, 3, 0;
    %flag_set/imm 4, 0;
    %store/vec4a v0x7fbdc0f11b80, 4, 0;
    %pushi/vec4 2907242496, 0, 32;
    %ix/load 4, 4, 0;
    %flag_set/imm 4, 0;
    %store/vec4a v0x7fbdc0f11b80, 4, 0;
    %pushi/vec4 556335105, 0, 32;
    %ix/load 4, 5, 0;
    %flag_set/imm 4, 0;
    %store/vec4a v0x7fbdc0f11b80, 4, 0;
    %pushi/vec4 558497796, 0, 32;
    %ix/load 4, 6, 0;
    %flag_set/imm 4, 0;
    %store/vec4a v0x7fbdc0f11b80, 4, 0;
    %pushi/vec4 352976892, 0, 32;
    %ix/load 4, 7, 0;
    %flag_set/imm 4, 0;
    %store/vec4a v0x7fbdc0f11b80, 4, 0;
    %pushi/vec4 32, 0, 32;
    %ix/load 4, 8, 0;
    %flag_set/imm 4, 0;
    %store/vec4a v0x7fbdc0f11b80, 4, 0;
    %pushi/vec4 24608, 0, 32;
    %ix/load 4, 9, 0;
    %flag_set/imm 4, 0;
    %store/vec4a v0x7fbdc0f11b80, 4, 0;
    %pushi/vec4 537399296, 0, 32;
    %ix/load 4, 10, 0;
    %flag_set/imm 4, 0;
    %store/vec4a v0x7fbdc0f11b80, 4, 0;
    %pushi/vec4 537460736, 0, 32;
    %ix/load 4, 11, 0;
    %flag_set/imm 4, 0;
    %store/vec4a v0x7fbdc0f11b80, 4, 0;
    %pushi/vec4 537526272, 0, 32;
    %ix/load 4, 12, 0;
    %flag_set/imm 4, 0;
    %store/vec4a v0x7fbdc0f11b80, 4, 0;
    %pushi/vec4 2370502656, 0, 32;
    %ix/load 4, 13, 0;
    %flag_set/imm 4, 0;
    %store/vec4a v0x7fbdc0f11b80, 4, 0;
    %pushi/vec4 556335105, 0, 32;
    %ix/load 4, 14, 0;
    %flag_set/imm 4, 0;
    %store/vec4a v0x7fbdc0f11b80, 4, 0;
    %pushi/vec4 558497796, 0, 32;
    %ix/load 4, 15, 0;
    %flag_set/imm 4, 0;
    %store/vec4a v0x7fbdc0f11b80, 4, 0;
    %pushi/vec4 25911328, 0, 32;
    %ix/load 4, 16, 0;
    %flag_set/imm 4, 0;
    %store/vec4a v0x7fbdc0f11b80, 4, 0;
    %pushi/vec4 352976891, 0, 32;
    %ix/load 4, 17, 0;
    %flag_set/imm 4, 0;
    %store/vec4a v0x7fbdc0f11b80, 4, 0;
    %pushi/vec4 32, 0, 32;
    %ix/load 4, 18, 0;
    %flag_set/imm 4, 0;
    %store/vec4a v0x7fbdc0f11b80, 4, 0;
    %pushi/vec4 25227296, 0, 32;
    %ix/load 4, 19, 0;
    %flag_set/imm 4, 0;
    %store/vec4a v0x7fbdc0f11b80, 4, 0;
    %pushi/vec4 62914592, 0, 32;
    %ix/load 4, 20, 0;
    %flag_set/imm 4, 0;
    %store/vec4a v0x7fbdc0f11b80, 4, 0;
    %pushi/vec4 1140850688, 0, 32;
    %ix/load 4, 21, 0;
    %flag_set/imm 4, 0;
    %store/vec4a v0x7fbdc0f11b80, 4, 0;
    %pushi/vec4 32, 0, 32;
    %ix/load 4, 22, 0;
    %flag_set/imm 4, 0;
    %store/vec4a v0x7fbdc0f11b80, 4, 0;
    %pushi/vec4 32, 0, 32;
    %ix/load 4, 23, 0;
    %flag_set/imm 4, 0;
    %store/vec4a v0x7fbdc0f11b80, 4, 0;
    %pushi/vec4 32, 0, 32;
    %ix/load 4, 24, 0;
    %flag_set/imm 4, 0;
    %store/vec4a v0x7fbdc0f11b80, 4, 0;
    %pushi/vec4 32, 0, 32;
    %ix/load 4, 25, 0;
    %flag_set/imm 4, 0;
    %store/vec4a v0x7fbdc0f11b80, 4, 0;
    %pushi/vec4 32, 0, 32;
    %ix/load 4, 26, 0;
    %flag_set/imm 4, 0;
    %store/vec4a v0x7fbdc0f11b80, 4, 0;
    %end;
    .thread T_7;
    .scope S_0x7fbdc0f12030;
T_8 ;
    %wait E_0x7fbdc0f11430;
    %load/vec4 v0x7fbdc0f13370_0;
    %flag_set/vec4 8;
    %jmp/0xz  T_8.0, 8;
    %load/vec4 v0x7fbdc0f132e0_0;
    %load/vec4 v0x7fbdc0f13400_0;
    %pad/u 7;
    %ix/vec4 3;
    %ix/load 4, 0, 0; Constant delay
    %assign/vec4/a/d v0x7fbdc0f12e40, 0, 4;
T_8.0 ;
    %jmp T_8;
    .thread T_8;
    .scope S_0x7fbdc0f12030;
T_9 ;
    %pushi/vec4 1, 0, 32;
    %ix/load 4, 1, 0;
    %flag_set/imm 4, 0;
    %store/vec4a v0x7fbdc0f12e40, 4, 0;
    %pushi/vec4 2, 0, 32;
    %ix/load 4, 2, 0;
    %flag_set/imm 4, 0;
    %store/vec4a v0x7fbdc0f12e40, 4, 0;
    %end;
    .thread T_9;
    .scope S_0x7fbdc0f111c0;
T_10 ;
    %wait E_0x7fbdc0f11430;
    %load/vec4 v0x7fbdc0f115e0_0;
    %pad/u 14;
    %ix/vec4 4;
    %load/vec4a v0x7fbdc0f11480, 4;
    %assign/vec4 v0x7fbdc0f11530_0, 0;
    %load/vec4 v0x7fbdc0f11830_0;
    %flag_set/vec4 8;
    %jmp/0xz  T_10.0, 8;
    %load/vec4 v0x7fbdc0f11740_0;
    %load/vec4 v0x7fbdc0f115e0_0;
    %pad/u 14;
    %ix/vec4 3;
    %ix/load 4, 0, 0; Constant delay
    %assign/vec4/a/d v0x7fbdc0f11480, 0, 4;
T_10.0 ;
    %jmp T_10;
    .thread T_10;
    .scope S_0x7fbdc0f111c0;
T_11 ;
    %pushi/vec4 0, 0, 32;
    %store/vec4 v0x7fbdc0f11530_0, 0, 32;
    %end;
    .thread T_11;
    .scope S_0x7fbdc0f111c0;
T_12 ;
    %pushi/vec4 32, 0, 32;
    %ix/load 4, 0, 0;
    %flag_set/imm 4, 0;
    %store/vec4a v0x7fbdc0f11480, 4, 0;
    %pushi/vec4 537399296, 0, 32;
    %ix/load 4, 1, 0;
    %flag_set/imm 4, 0;
    %store/vec4a v0x7fbdc0f11480, 4, 0;
    %pushi/vec4 537460736, 0, 32;
    %ix/load 4, 2, 0;
    %flag_set/imm 4, 0;
    %store/vec4a v0x7fbdc0f11480, 4, 0;
    %pushi/vec4 537526272, 0, 32;
    %ix/load 4, 3, 0;
    %flag_set/imm 4, 0;
    %store/vec4a v0x7fbdc0f11480, 4, 0;
    %pushi/vec4 2907242496, 0, 32;
    %ix/load 4, 4, 0;
    %flag_set/imm 4, 0;
    %store/vec4a v0x7fbdc0f11480, 4, 0;
    %pushi/vec4 556335105, 0, 32;
    %ix/load 4, 5, 0;
    %flag_set/imm 4, 0;
    %store/vec4a v0x7fbdc0f11480, 4, 0;
    %pushi/vec4 558497796, 0, 32;
    %ix/load 4, 6, 0;
    %flag_set/imm 4, 0;
    %store/vec4a v0x7fbdc0f11480, 4, 0;
    %pushi/vec4 352976892, 0, 32;
    %ix/load 4, 7, 0;
    %flag_set/imm 4, 0;
    %store/vec4a v0x7fbdc0f11480, 4, 0;
    %pushi/vec4 32, 0, 32;
    %ix/load 4, 8, 0;
    %flag_set/imm 4, 0;
    %store/vec4a v0x7fbdc0f11480, 4, 0;
    %pushi/vec4 24608, 0, 32;
    %ix/load 4, 9, 0;
    %flag_set/imm 4, 0;
    %store/vec4a v0x7fbdc0f11480, 4, 0;
    %pushi/vec4 537399296, 0, 32;
    %ix/load 4, 10, 0;
    %flag_set/imm 4, 0;
    %store/vec4a v0x7fbdc0f11480, 4, 0;
    %pushi/vec4 537460736, 0, 32;
    %ix/load 4, 11, 0;
    %flag_set/imm 4, 0;
    %store/vec4a v0x7fbdc0f11480, 4, 0;
    %pushi/vec4 537526272, 0, 32;
    %ix/load 4, 12, 0;
    %flag_set/imm 4, 0;
    %store/vec4a v0x7fbdc0f11480, 4, 0;
    %pushi/vec4 2370502656, 0, 32;
    %ix/load 4, 13, 0;
    %flag_set/imm 4, 0;
    %store/vec4a v0x7fbdc0f11480, 4, 0;
    %pushi/vec4 556335105, 0, 32;
    %ix/load 4, 14, 0;
    %flag_set/imm 4, 0;
    %store/vec4a v0x7fbdc0f11480, 4, 0;
    %pushi/vec4 558497796, 0, 32;
    %ix/load 4, 15, 0;
    %flag_set/imm 4, 0;
    %store/vec4a v0x7fbdc0f11480, 4, 0;
    %pushi/vec4 25911328, 0, 32;
    %ix/load 4, 16, 0;
    %flag_set/imm 4, 0;
    %store/vec4a v0x7fbdc0f11480, 4, 0;
    %pushi/vec4 352976891, 0, 32;
    %ix/load 4, 17, 0;
    %flag_set/imm 4, 0;
    %store/vec4a v0x7fbdc0f11480, 4, 0;
    %pushi/vec4 32, 0, 32;
    %ix/load 4, 18, 0;
    %flag_set/imm 4, 0;
    %store/vec4a v0x7fbdc0f11480, 4, 0;
    %pushi/vec4 25227296, 0, 32;
    %ix/load 4, 19, 0;
    %flag_set/imm 4, 0;
    %store/vec4a v0x7fbdc0f11480, 4, 0;
    %pushi/vec4 62914592, 0, 32;
    %ix/load 4, 20, 0;
    %flag_set/imm 4, 0;
    %store/vec4a v0x7fbdc0f11480, 4, 0;
    %pushi/vec4 1140850688, 0, 32;
    %ix/load 4, 21, 0;
    %flag_set/imm 4, 0;
    %store/vec4a v0x7fbdc0f11480, 4, 0;
    %pushi/vec4 32, 0, 32;
    %ix/load 4, 22, 0;
    %flag_set/imm 4, 0;
    %store/vec4a v0x7fbdc0f11480, 4, 0;
    %pushi/vec4 32, 0, 32;
    %ix/load 4, 23, 0;
    %flag_set/imm 4, 0;
    %store/vec4a v0x7fbdc0f11480, 4, 0;
    %pushi/vec4 32, 0, 32;
    %ix/load 4, 24, 0;
    %flag_set/imm 4, 0;
    %store/vec4a v0x7fbdc0f11480, 4, 0;
    %pushi/vec4 32, 0, 32;
    %ix/load 4, 25, 0;
    %flag_set/imm 4, 0;
    %store/vec4a v0x7fbdc0f11480, 4, 0;
    %pushi/vec4 32, 0, 32;
    %ix/load 4, 26, 0;
    %flag_set/imm 4, 0;
    %store/vec4a v0x7fbdc0f11480, 4, 0;
    %end;
    .thread T_12;
    .scope S_0x7fbdc0f10fa0;
T_13 ;
    %pushi/vec4 4, 0, 32;
    %store/vec4 v0x7fbdc0f15640_0, 0, 32;
    %pushi/vec4 0, 0, 32;
    %store/vec4 v0x7fbdc0f15760_0, 0, 32;
    %pushi/vec4 0, 0, 32;
    %store/vec4 v0x7fbdc0f15810_0, 0, 32;
    %pushi/vec4 0, 0, 32;
    %store/vec4 v0x7fbdc0f158c0_0, 0, 32;
    %pushi/vec4 0, 0, 32;
    %store/vec4 v0x7fbdc0f155b0_0, 0, 32;
    %pushi/vec4 0, 0, 3;
    %store/vec4 v0x7fbdc0f15c30_0, 0, 3;
    %pushi/vec4 0, 0, 32;
    %store/vec4 v0x7fbdc0f15970_0, 0, 32;
    %pushi/vec4 0, 0, 32;
    %store/vec4 v0x7fbdc0f153d0_0, 0, 32;
    %pushi/vec4 0, 0, 1;
    %store/vec4 v0x7fbdc0f15b80_0, 0, 1;
    %pushi/vec4 0, 0, 32;
    %store/vec4 v0x7fbdc0f15520_0, 0, 32;
    %pushi/vec4 0, 0, 1;
    %store/vec4 v0x7fbdc0f15ad0_0, 0, 1;
    %pushi/vec4 0, 0, 32;
    %store/vec4 v0x7fbdc0f15a20_0, 0, 32;
    %end;
    .thread T_13;
    .scope S_0x7fbdc0f10fa0;
T_14 ;
    %wait E_0x7fbdc0f11430;
    %load/vec4 v0x7fbdc0f16500_0;
    %load/vec4 v0x7fbdc0f15490_0;
    %or;
    %flag_set/vec4 8;
    %jmp/0 T_14.0, 8;
    %pushi/vec4 0, 0, 3;
    %jmp/1 T_14.1, 8;
T_14.0 ; End of true expr.
    %load/vec4 v0x7fbdc0f15c30_0;
    %pad/u 32;
    %cmpi/e 5, 0, 32;
    %flag_mov 9, 4;
    %jmp/0 T_14.2, 9;
    %pushi/vec4 1, 0, 3;
    %jmp/1 T_14.3, 9;
T_14.2 ; End of true expr.
    %load/vec4 v0x7fbdc0f15c30_0;
    %addi 1, 0, 3;
    %jmp/0 T_14.3, 9;
 ; End of false expr.
    %blend;
T_14.3;
    %jmp/0 T_14.1, 8;
 ; End of false expr.
    %blend;
T_14.1;
    %assign/vec4 v0x7fbdc0f15c30_0, 3;
    %jmp T_14;
    .thread T_14;
    .scope S_0x7fbdc0f10fa0;
T_15 ;
    %wait E_0x7fbdc0f11430;
    %load/vec4 v0x7fbdc0f15c30_0;
    %pad/u 32;
    %cmpi/e 5, 0, 32;
    %jmp/0xz  T_15.0, 4;
    %load/vec4 v0x7fbdc0f16500_0;
    %load/vec4 v0x7fbdc0f15490_0;
    %or;
    %flag_set/vec4 8;
    %jmp/0 T_15.2, 8;
    %pushi/vec4 0, 0, 32;
    %jmp/1 T_15.3, 8;
T_15.2 ; End of true expr.
    %load/vec4 v0x7fbdc0f166e0_0;
    %flag_set/vec4 9;
    %jmp/0 T_15.4, 9;
    %load/vec4 v0x7fbdc0f15640_0;
    %addi 8, 0, 32;
    %jmp/1 T_15.5, 9;
T_15.4 ; End of true expr.
    %load/vec4 v0x7fbdc0f16650_0;
    %flag_set/vec4 10;
    %jmp/0 T_15.6, 10;
    %load/vec4 v0x7fbdc0f16780_0;
    %jmp/1 T_15.7, 10;
T_15.6 ; End of true expr.
    %load/vec4 v0x7fbdc0f16020_0;
    %jmp/0 T_15.7, 10;
 ; End of false expr.
    %blend;
T_15.7;
    %jmp/0 T_15.5, 9;
 ; End of false expr.
    %blend;
T_15.5;
    %jmp/0 T_15.3, 8;
 ; End of false expr.
    %blend;
T_15.3;
    %assign/vec4 v0x7fbdc0f15640_0, 3;
T_15.0 ;
    %jmp T_15;
    .thread T_15;
    .scope S_0x7fbdc0f10fa0;
T_16 ;
    %wait E_0x7fbdc0f11430;
    %load/vec4 v0x7fbdc0f15c30_0;
    %pad/u 32;
    %cmpi/e 1, 0, 32;
    %jmp/0xz  T_16.0, 4;
    %load/vec4 v0x7fbdc0f16020_0;
    %assign/vec4 v0x7fbdc0f155b0_0, 3;
T_16.0 ;
    %jmp T_16;
    .thread T_16;
    .scope S_0x7fbdc0f10fa0;
T_17 ;
    %wait E_0x7fbdc0f11430;
    %load/vec4 v0x7fbdc0f15c30_0;
    %pad/u 32;
    %cmpi/e 2, 0, 32;
    %jmp/0xz  T_17.0, 4;
    %load/vec4 v0x7fbdc0f14cf0_0;
    %assign/vec4 v0x7fbdc0f15760_0, 3;
    %load/vec4 v0x7fbdc0f16200_0;
    %assign/vec4 v0x7fbdc0f15810_0, 3;
    %load/vec4 v0x7fbdc0f16290_0;
    %assign/vec4 v0x7fbdc0f158c0_0, 3;
T_17.0 ;
    %jmp T_17;
    .thread T_17;
    .scope S_0x7fbdc0f10fa0;
T_18 ;
    %wait E_0x7fbdc0f11430;
    %load/vec4 v0x7fbdc0f15c30_0;
    %pad/u 32;
    %cmpi/e 3, 0, 32;
    %jmp/0xz  T_18.0, 4;
    %load/vec4 v0x7fbdc0f163b0_0;
    %assign/vec4 v0x7fbdc0f15970_0, 3;
    %load/vec4 v0x7fbdc0f15810_0;
    %assign/vec4 v0x7fbdc0f153d0_0, 3;
    %load/vec4 v0x7fbdc0f15c30_0;
    %pad/u 32;
    %pushi/vec4 3, 0, 32;
    %cmp/e;
    %flag_get/vec4 4;
    %load/vec4 v0x7fbdc0f160c0_0;
    %pushi/vec4 0, 0, 6;
    %cmp/e;
    %flag_get/vec4 4;
    %load/vec4 v0x7fbdc0f160c0_0;
    %pushi/vec4 8, 0, 6;
    %cmp/e;
    %flag_get/vec4 4;
    %or;
    %and;
    %flag_set/vec4 8;
    %jmp/0xz  T_18.2, 8;
    %load/vec4 v0x7fbdc0f15970_0;
    %store/vec4 v0x7fbdc0f15520_0, 0, 32;
    %pushi/vec4 5, 0, 3;
    %assign/vec4 v0x7fbdc0f15c30_0, 0;
T_18.2 ;
T_18.0 ;
    %jmp T_18;
    .thread T_18;
    .scope S_0x7fbdc0f10fa0;
T_19 ;
    %wait E_0x7fbdc0f11430;
    %load/vec4 v0x7fbdc0f15c30_0;
    %pad/u 32;
    %cmpi/ne 3, 0, 32;
    %flag_mov 8, 4;
    %jmp/0 T_19.0, 8;
    %pushi/vec4 0, 0, 1;
    %jmp/1 T_19.1, 8;
T_19.0 ; End of true expr.
    %load/vec4 v0x7fbdc0f168d0_0;
    %jmp/0 T_19.1, 8;
 ; End of false expr.
    %blend;
T_19.1;
    %assign/vec4 v0x7fbdc0f15b80_0, 3;
    %jmp T_19;
    .thread T_19;
    .scope S_0x7fbdc0f10fa0;
T_20 ;
    %wait E_0x7fbdc0f11430;
    %load/vec4 v0x7fbdc0f15c30_0;
    %pad/u 32;
    %cmpi/e 4, 0, 32;
    %jmp/0xz  T_20.0, 4;
    %load/vec4 v0x7fbdc0f15970_0;
    %assign/vec4 v0x7fbdc0f15520_0, 3;
T_20.0 ;
    %jmp T_20;
    .thread T_20;
    .scope S_0x7fbdc0f10fa0;
T_21 ;
    %wait E_0x7fbdc0f11430;
    %load/vec4 v0x7fbdc0f15c30_0;
    %pad/u 32;
    %cmpi/ne 4, 0, 32;
    %flag_mov 8, 4;
    %jmp/0 T_21.0, 8;
    %pushi/vec4 0, 0, 1;
    %jmp/1 T_21.1, 8;
T_21.0 ; End of true expr.
    %load/vec4 v0x7fbdc0f160c0_0;
    %pad/u 32;
    %pushi/vec4 0, 0, 32;
    %cmp/e;
    %flag_get/vec4 4;
    %pushi/vec4 5, 0, 6;
    %load/vec4 v0x7fbdc0f160c0_0;
    %cmp/u;
    %flag_get/vec4 5;
    %load/vec4 v0x7fbdc0f160c0_0;
    %cmpi/u 40, 0, 6;
    %flag_get/vec4 5;
    %and;
    %or;
    %jmp/0 T_21.1, 8;
 ; End of false expr.
    %blend;
T_21.1;
    %assign/vec4 v0x7fbdc0f15ad0_0, 0;
    %jmp T_21;
    .thread T_21;
    .scope S_0x7fbdc0f10fa0;
T_22 ;
    %pushi/vec4 0, 0, 1;
    %store/vec4 v0x7fbdc0f15490_0, 0, 1;
    %end;
    .thread T_22;
    .scope S_0x7fbdc0f10fa0;
T_23 ;
    %wait E_0x7fbdc0f11430;
    %load/vec4 v0x7fbdc0f160c0_0;
    %cmpi/e 17, 0, 6;
    %jmp/0xz  T_23.0, 4;
    %pushi/vec4 1, 0, 1;
    %assign/vec4 v0x7fbdc0f15490_0, 0;
T_23.0 ;
    %jmp T_23;
    .thread T_23;
    .scope S_0x7fbdc0f10fa0;
T_24 ;
    %pushi/vec4 0, 0, 32;
    %store/vec4 v0x7fbdc0f156d0_0, 0, 32;
    %end;
    .thread T_24;
    .scope S_0x7fbdc0f10fa0;
T_25 ;
    %wait E_0x7fbdc0f11430;
    %load/vec4 v0x7fbdc0f16500_0;
    %flag_set/vec4 8;
    %jmp/0 T_25.0, 8;
    %pushi/vec4 0, 0, 32;
    %jmp/1 T_25.1, 8;
T_25.0 ; End of true expr.
    %load/vec4 v0x7fbdc0f16320_0;
    %pad/u 32;
    %cmpi/e 30, 0, 32;
    %flag_mov 9, 4;
    %jmp/0 T_25.2, 9;
    %load/vec4 v0x7fbdc0f14cf0_0;
    %jmp/1 T_25.3, 9;
T_25.2 ; End of true expr.
    %load/vec4 v0x7fbdc0f156d0_0;
    %jmp/0 T_25.3, 9;
 ; End of false expr.
    %blend;
T_25.3;
    %jmp/0 T_25.1, 8;
 ; End of false expr.
    %blend;
T_25.1;
    %assign/vec4 v0x7fbdc0f15a20_0, 0;
    %jmp T_25;
    .thread T_25;
    .scope S_0x7fbdc0f10fa0;
T_26 ;
    %wait E_0x7fbdc0f11430;
    %load/vec4 v0x7fbdc0f15a20_0;
    %assign/vec4 v0x7fbdc0f156d0_0, 0;
    %jmp T_26;
    .thread T_26;
    .scope S_0x7fbdc0f00360;
T_27 ;
    %pushi/vec4 0, 0, 1;
    %store/vec4 v0x7fbdc0f169d0_0, 0, 1;
    %pushi/vec4 0, 0, 1;
    %store/vec4 v0x7fbdc0f16b80_0, 0, 1;
    %pushi/vec4 0, 0, 32;
    %store/vec4 v0x7fbdc0f16af0_0, 0, 32;
    %end;
    .thread T_27;
    .scope S_0x7fbdc0f00360;
T_28 ;
T_28.0 ;
    %delay 50, 0;
    %load/vec4 v0x7fbdc0f169d0_0;
    %inv;
    %store/vec4 v0x7fbdc0f169d0_0, 0, 1;
    %jmp T_28.0;
    %end;
    .thread T_28;
    .scope S_0x7fbdc0f00360;
T_29 ;
    %wait E_0x7fbdc0f11430;
    %load/vec4 v0x7fbdc0f16c10_0;
    %flag_set/vec4 8;
    %jmp/0xz  T_29.0, 8;
    %vpi_call 2 24 "$finish" {0 0 0};
T_29.0 ;
    %jmp T_29;
    .thread T_29;
    .scope S_0x7fbdc0f00360;
T_30 ;
    %wait E_0x7fbdc0f11430;
    %load/vec4 v0x7fbdc0f16af0_0;
    %addi 1, 0, 32;
    %assign/vec4 v0x7fbdc0f16af0_0, 0;
    %load/vec4 v0x7fbdc0f15c30_0;
    %pad/u 32;
    %cmpi/e 5, 0, 32;
    %jmp/0xz  T_30.0, 4;
    %vpi_call 2 30 "$write", "%8d : %d %x %x: %x : %x %x -> %x\012", v0x7fbdc0f16af0_0, v0x7fbdc0f15c30_0, v0x7fbdc0f15640_0, v0x7fbdc0f15eb0_0, v0x7fbdc0f160c0_0, v0x7fbdc0f14cf0_0, v0x7fbdc0f16290_0, v0x7fbdc0f16440_0 {0 0 0};
T_30.0 ;
    %jmp T_30;
    .thread T_30;
# The file index is used to find the file name in the following table.
:file_names 3;
    "N/A";
    "<interactive>";
    "code120.v";
